mode: set
github.com/nullcroft/helmseed/internal/tui/multiselect.go:37.44,42.2 1 1
github.com/nullcroft/helmseed/internal/tui/multiselect.go:44.31,44.45 1 0
github.com/nullcroft/helmseed/internal/tui/multiselect.go:46.57,47.27 1 1
github.com/nullcroft/helmseed/internal/tui/multiselect.go:48.23,49.10 1 1
github.com/nullcroft/helmseed/internal/tui/multiselect.go:50.34,52.22 2 1
github.com/nullcroft/helmseed/internal/tui/multiselect.go:54.32,55.20 1 1
github.com/nullcroft/helmseed/internal/tui/multiselect.go:55.20,57.5 1 1
github.com/nullcroft/helmseed/internal/tui/multiselect.go:59.34,60.33 1 1
github.com/nullcroft/helmseed/internal/tui/multiselect.go:60.33,62.5 1 1
github.com/nullcroft/helmseed/internal/tui/multiselect.go:64.35,65.41 1 1
github.com/nullcroft/helmseed/internal/tui/multiselect.go:65.41,67.5 1 1
github.com/nullcroft/helmseed/internal/tui/multiselect.go:67.10,69.5 1 1
github.com/nullcroft/helmseed/internal/tui/multiselect.go:71.33,72.39 1 1
github.com/nullcroft/helmseed/internal/tui/multiselect.go:72.39,74.5 1 1
github.com/nullcroft/helmseed/internal/tui/multiselect.go:74.10,75.28 1 1
github.com/nullcroft/helmseed/internal/tui/multiselect.go:75.28,77.6 1 1
github.com/nullcroft/helmseed/internal/tui/multiselect.go:80.35,82.22 2 1
github.com/nullcroft/helmseed/internal/tui/multiselect.go:86.2,86.15 1 1
github.com/nullcroft/helmseed/internal/tui/multiselect.go:89.32,90.25 1 1
github.com/nullcroft/helmseed/internal/tui/multiselect.go:90.25,92.3 1 1
github.com/nullcroft/helmseed/internal/tui/multiselect.go:94.2,99.28 4 1
github.com/nullcroft/helmseed/internal/tui/multiselect.go:99.28,101.20 2 1
github.com/nullcroft/helmseed/internal/tui/multiselect.go:101.20,103.4 1 1
github.com/nullcroft/helmseed/internal/tui/multiselect.go:105.3,107.33 3 1
github.com/nullcroft/helmseed/internal/tui/multiselect.go:107.33,110.4 2 0
github.com/nullcroft/helmseed/internal/tui/multiselect.go:112.3,112.52 1 1
github.com/nullcroft/helmseed/internal/tui/multiselect.go:115.2,118.32 3 1
github.com/nullcroft/helmseed/internal/tui/multiselect.go:123.61,128.16 4 0
github.com/nullcroft/helmseed/internal/tui/multiselect.go:128.16,130.3 1 0
github.com/nullcroft/helmseed/internal/tui/multiselect.go:132.2,133.9 2 0
github.com/nullcroft/helmseed/internal/tui/multiselect.go:133.9,135.3 1 0
github.com/nullcroft/helmseed/internal/tui/multiselect.go:136.2,136.19 1 0
github.com/nullcroft/helmseed/internal/tui/multiselect.go:136.19,138.3 1 0
github.com/nullcroft/helmseed/internal/tui/multiselect.go:140.2,141.32 2 0
github.com/nullcroft/helmseed/internal/tui/multiselect.go:141.32,142.37 1 0
github.com/nullcroft/helmseed/internal/tui/multiselect.go:142.37,144.4 1 0
github.com/nullcroft/helmseed/internal/tui/multiselect.go:146.2,146.17 1 0
github.com/nullcroft/helmseed/internal/config/config.go:18.38,20.2 1 1
github.com/nullcroft/helmseed/internal/config/config.go:37.44,38.19 1 1
github.com/nullcroft/helmseed/internal/config/config.go:38.19,40.3 1 1
github.com/nullcroft/helmseed/internal/config/config.go:40.8,44.3 3 0
github.com/nullcroft/helmseed/internal/config/config.go:46.2,55.45 8 1
github.com/nullcroft/helmseed/internal/config/config.go:55.45,56.56 1 1
github.com/nullcroft/helmseed/internal/config/config.go:56.56,58.4 1 1
github.com/nullcroft/helmseed/internal/config/config.go:61.2,62.44 2 1
github.com/nullcroft/helmseed/internal/config/config.go:62.44,64.3 1 0
github.com/nullcroft/helmseed/internal/config/config.go:66.2,66.37 1 1
github.com/nullcroft/helmseed/internal/config/config.go:66.37,68.3 1 1
github.com/nullcroft/helmseed/internal/config/config.go:70.2,70.16 1 1
github.com/nullcroft/helmseed/internal/config/config.go:73.35,74.22 1 1
github.com/nullcroft/helmseed/internal/config/config.go:74.22,76.3 1 1
github.com/nullcroft/helmseed/internal/config/config.go:78.2,78.27 1 1
github.com/nullcroft/helmseed/internal/config/config.go:78.27,80.3 1 1
github.com/nullcroft/helmseed/internal/config/config.go:82.2,82.19 1 1
github.com/nullcroft/helmseed/internal/config/config.go:82.19,84.3 1 1
github.com/nullcroft/helmseed/internal/config/config.go:86.2,86.12 1 1
github.com/nullcroft/helmseed/main.go:9.18,11.2 1 1
github.com/nullcroft/helmseed/main.go:13.13,14.30 1 0
github.com/nullcroft/helmseed/main.go:14.30,16.3 1 0
github.com/nullcroft/helmseed/cmd/bootstrap.go:27.54,31.30 3 0
github.com/nullcroft/helmseed/cmd/bootstrap.go:31.30,33.4 1 0
github.com/nullcroft/helmseed/cmd/bootstrap.go:35.3,36.16 2 0
github.com/nullcroft/helmseed/cmd/bootstrap.go:36.16,38.4 1 0
github.com/nullcroft/helmseed/cmd/bootstrap.go:40.3,41.17 2 0
github.com/nullcroft/helmseed/cmd/bootstrap.go:41.17,43.4 1 0
github.com/nullcroft/helmseed/cmd/bootstrap.go:45.3,45.42 1 0
github.com/nullcroft/helmseed/cmd/bootstrap.go:45.42,47.18 2 0
github.com/nullcroft/helmseed/cmd/bootstrap.go:47.18,49.33 2 0
github.com/nullcroft/helmseed/cmd/bootstrap.go:49.33,51.6 1 0
github.com/nullcroft/helmseed/cmd/bootstrap.go:51.11,53.6 1 0
github.com/nullcroft/helmseed/cmd/bootstrap.go:57.3,58.17 2 0
github.com/nullcroft/helmseed/cmd/bootstrap.go:58.17,60.4 1 0
github.com/nullcroft/helmseed/cmd/bootstrap.go:62.3,64.22 2 0
github.com/nullcroft/helmseed/cmd/bootstrap.go:64.22,65.24 1 0
github.com/nullcroft/helmseed/cmd/bootstrap.go:65.24,67.5 1 0
github.com/nullcroft/helmseed/cmd/bootstrap.go:67.10,69.5 1 0
github.com/nullcroft/helmseed/cmd/bootstrap.go:70.4,70.14 1 0
github.com/nullcroft/helmseed/cmd/bootstrap.go:73.3,76.14 3 0
github.com/nullcroft/helmseed/cmd/bootstrap.go:76.14,78.4 1 0
github.com/nullcroft/helmseed/cmd/bootstrap.go:78.9,80.18 2 0
github.com/nullcroft/helmseed/cmd/bootstrap.go:80.18,81.39 1 0
github.com/nullcroft/helmseed/cmd/bootstrap.go:81.39,84.6 2 0
github.com/nullcroft/helmseed/cmd/bootstrap.go:85.5,85.15 1 0
github.com/nullcroft/helmseed/cmd/bootstrap.go:87.4,87.18 1 0
github.com/nullcroft/helmseed/cmd/bootstrap.go:90.3,90.25 1 0
github.com/nullcroft/helmseed/cmd/bootstrap.go:90.25,93.4 2 0
github.com/nullcroft/helmseed/cmd/bootstrap.go:95.3,105.17 2 0
github.com/nullcroft/helmseed/cmd/bootstrap.go:105.17,107.31 2 0
github.com/nullcroft/helmseed/cmd/bootstrap.go:107.31,109.5 1 0
github.com/nullcroft/helmseed/cmd/bootstrap.go:110.4,110.14 1 0
github.com/nullcroft/helmseed/cmd/bootstrap.go:113.3,113.42 1 0
github.com/nullcroft/helmseed/cmd/bootstrap.go:113.42,116.97 3 0
github.com/nullcroft/helmseed/cmd/bootstrap.go:116.97,119.5 2 0
github.com/nullcroft/helmseed/cmd/bootstrap.go:122.3,123.62 2 0
github.com/nullcroft/helmseed/cmd/bootstrap.go:123.62,125.4 1 0
github.com/nullcroft/helmseed/cmd/bootstrap.go:127.3,128.13 2 0
github.com/nullcroft/helmseed/cmd/bootstrap.go:132.13,138.2 5 1
github.com/nullcroft/helmseed/cmd/bootstrap.go:140.43,142.30 2 1
github.com/nullcroft/helmseed/cmd/bootstrap.go:142.30,144.3 1 1
github.com/nullcroft/helmseed/cmd/bootstrap.go:145.2,145.12 1 1
github.com/nullcroft/helmseed/cmd/list.go:16.54,21.17 4 0
github.com/nullcroft/helmseed/cmd/list.go:21.17,23.4 1 0
github.com/nullcroft/helmseed/cmd/list.go:25.3,26.17 2 0
github.com/nullcroft/helmseed/cmd/list.go:26.17,28.4 1 0
github.com/nullcroft/helmseed/cmd/list.go:30.3,32.22 2 0
github.com/nullcroft/helmseed/cmd/list.go:32.22,33.24 1 0
github.com/nullcroft/helmseed/cmd/list.go:33.24,35.5 1 0
github.com/nullcroft/helmseed/cmd/list.go:35.10,37.5 1 0
github.com/nullcroft/helmseed/cmd/list.go:38.4,38.14 1 0
github.com/nullcroft/helmseed/cmd/list.go:41.3,43.27 2 0
github.com/nullcroft/helmseed/cmd/list.go:43.27,45.4 1 0
github.com/nullcroft/helmseed/cmd/list.go:47.3,47.13 1 0
github.com/nullcroft/helmseed/cmd/list.go:51.13,53.2 1 1
github.com/nullcroft/helmseed/cmd/root.go:31.22,33.2 1 1
github.com/nullcroft/helmseed/cmd/root.go:35.13,41.2 5 1
github.com/nullcroft/helmseed/cmd/root.go:43.23,43.39 1 1
github.com/nullcroft/helmseed/cmd/root.go:44.23,44.41 1 1
github.com/nullcroft/helmseed/cmd/root.go:46.61,50.16 3 1
github.com/nullcroft/helmseed/cmd/root.go:50.16,52.3 1 1
github.com/nullcroft/helmseed/cmd/root.go:53.2,54.12 2 1
github.com/nullcroft/helmseed/cmd/root.go:57.52,59.2 1 1
github.com/nullcroft/helmseed/cmd/root.go:61.75,62.18 1 1
github.com/nullcroft/helmseed/cmd/root.go:62.18,64.3 1 1
github.com/nullcroft/helmseed/cmd/root.go:65.2,66.26 2 1
github.com/nullcroft/helmseed/cmd/root.go:66.26,67.40 1 1
github.com/nullcroft/helmseed/cmd/root.go:67.40,69.4 1 1
github.com/nullcroft/helmseed/cmd/root.go:71.2,71.12 1 1
github.com/nullcroft/helmseed/cmd/update.go:17.54,21.42 3 0
github.com/nullcroft/helmseed/cmd/update.go:21.42,24.97 3 0
github.com/nullcroft/helmseed/cmd/update.go:24.97,27.5 2 0
github.com/nullcroft/helmseed/cmd/update.go:30.3,35.49 2 0
github.com/nullcroft/helmseed/cmd/update.go:35.49,37.4 1 0
github.com/nullcroft/helmseed/cmd/update.go:39.3,40.13 2 0
github.com/nullcroft/helmseed/cmd/update.go:44.13,46.2 1 1
github.com/nullcroft/helmseed/cmd/version.go:14.47,16.3 1 1
github.com/nullcroft/helmseed/cmd/version.go:19.13,21.2 1 1
github.com/nullcroft/helmseed/internal/provider/factory.go:9.48,10.22 1 1
github.com/nullcroft/helmseed/internal/provider/factory.go:11.29,12.43 1 1
github.com/nullcroft/helmseed/internal/provider/factory.go:13.29,14.51 1 1
github.com/nullcroft/helmseed/internal/provider/factory.go:15.10,16.62 1 1
github.com/nullcroft/helmseed/internal/provider/github.go:17.54,19.17 2 1
github.com/nullcroft/helmseed/internal/provider/github.go:19.17,21.3 1 1
github.com/nullcroft/helmseed/internal/provider/github.go:23.2,23.40 1 1
github.com/nullcroft/helmseed/internal/provider/github.go:26.87,34.6 3 0
github.com/nullcroft/helmseed/internal/provider/github.go:34.6,37.17 2 0
github.com/nullcroft/helmseed/internal/provider/github.go:37.17,38.29 1 0
github.com/nullcroft/helmseed/internal/provider/github.go:38.29,40.5 1 0
github.com/nullcroft/helmseed/internal/provider/github.go:41.4,41.75 1 0
github.com/nullcroft/helmseed/internal/provider/github.go:44.3,44.27 1 0
github.com/nullcroft/helmseed/internal/provider/github.go:44.27,51.4 1 0
github.com/nullcroft/helmseed/internal/provider/github.go:53.3,53.25 1 0
github.com/nullcroft/helmseed/internal/provider/github.go:53.25,54.9 1 0
github.com/nullcroft/helmseed/internal/provider/github.go:57.3,57.28 1 0
github.com/nullcroft/helmseed/internal/provider/github.go:60.2,60.17 1 0
github.com/nullcroft/helmseed/internal/provider/github.go:63.39,65.26 2 1
github.com/nullcroft/helmseed/internal/provider/github.go:65.26,67.3 1 1
github.com/nullcroft/helmseed/internal/provider/github.go:68.2,68.30 1 1
github.com/nullcroft/helmseed/internal/provider/github.go:68.30,69.94 1 1
github.com/nullcroft/helmseed/internal/provider/github.go:69.94,71.4 1 1
github.com/nullcroft/helmseed/internal/provider/github.go:73.2,73.83 1 1
github.com/nullcroft/helmseed/internal/provider/github.go:76.86,78.16 2 0
github.com/nullcroft/helmseed/internal/provider/github.go:78.16,80.3 1 0
github.com/nullcroft/helmseed/internal/provider/github.go:81.2,84.37 4 0
github.com/nullcroft/helmseed/internal/provider/gitlab.go:15.72,18.19 2 1
github.com/nullcroft/helmseed/internal/provider/gitlab.go:18.19,20.3 1 1
github.com/nullcroft/helmseed/internal/provider/gitlab.go:22.2,23.16 2 1
github.com/nullcroft/helmseed/internal/provider/gitlab.go:23.16,25.3 1 0
github.com/nullcroft/helmseed/internal/provider/gitlab.go:27.2,27.63 1 1
github.com/nullcroft/helmseed/internal/provider/gitlab.go:30.87,38.6 3 0
github.com/nullcroft/helmseed/internal/provider/gitlab.go:38.6,40.17 2 0
github.com/nullcroft/helmseed/internal/provider/gitlab.go:40.17,42.4 1 0
github.com/nullcroft/helmseed/internal/provider/gitlab.go:44.3,44.30 1 0
github.com/nullcroft/helmseed/internal/provider/gitlab.go:44.30,51.4 1 0
github.com/nullcroft/helmseed/internal/provider/gitlab.go:53.3,53.25 1 0
github.com/nullcroft/helmseed/internal/provider/gitlab.go:53.25,54.9 1 0
github.com/nullcroft/helmseed/internal/provider/gitlab.go:57.3,57.28 1 0
github.com/nullcroft/helmseed/internal/provider/gitlab.go:60.2,60.17 1 0
github.com/nullcroft/helmseed/internal/provider/provider.go:29.93,31.16 2 1
github.com/nullcroft/helmseed/internal/provider/provider.go:31.16,33.3 1 1
github.com/nullcroft/helmseed/internal/provider/provider.go:35.2,35.20 1 1
github.com/nullcroft/helmseed/internal/provider/provider.go:35.20,43.3 1 1
github.com/nullcroft/helmseed/internal/provider/provider.go:45.2,45.32 1 1
github.com/nullcroft/helmseed/internal/provider/provider.go:45.32,53.3 1 1
github.com/nullcroft/helmseed/internal/provider/provider.go:55.2,55.12 1 1
github.com/nullcroft/helmseed/internal/provider/provider.go:66.41,69.2 1 1
github.com/nullcroft/helmseed/internal/provider/provider.go:71.41,73.2 1 1
github.com/nullcroft/helmseed/internal/cache/cache.go:31.40,32.47 1 1
github.com/nullcroft/helmseed/internal/cache/cache.go:32.47,34.3 1 1
github.com/nullcroft/helmseed/internal/cache/cache.go:35.2,35.34 1 1
github.com/nullcroft/helmseed/internal/cache/cache.go:35.34,37.3 1 1
github.com/nullcroft/helmseed/internal/cache/cache.go:38.2,38.38 1 1
github.com/nullcroft/helmseed/internal/cache/cache.go:38.38,40.3 1 1
github.com/nullcroft/helmseed/internal/cache/cache.go:41.2,41.38 1 1
github.com/nullcroft/helmseed/internal/cache/cache.go:107.46,108.18 1 1
github.com/nullcroft/helmseed/internal/cache/cache.go:108.18,109.30 1 1
github.com/nullcroft/helmseed/internal/cache/cache.go:109.30,111.4 1 1
github.com/nullcroft/helmseed/internal/cache/cache.go:112.3,113.38 2 1
github.com/nullcroft/helmseed/internal/cache/cache.go:113.38,115.4 1 1
github.com/nullcroft/helmseed/internal/cache/cache.go:116.3,116.22 1 1
github.com/nullcroft/helmseed/internal/cache/cache.go:118.2,119.16 2 1
github.com/nullcroft/helmseed/internal/cache/cache.go:119.16,121.3 1 0
github.com/nullcroft/helmseed/internal/cache/cache.go:122.2,122.55 1 1
github.com/nullcroft/helmseed/internal/cache/cache.go:125.41,127.16 2 1
github.com/nullcroft/helmseed/internal/cache/cache.go:127.16,129.3 1 1
github.com/nullcroft/helmseed/internal/cache/cache.go:130.2,131.49 2 1
github.com/nullcroft/helmseed/internal/cache/cache.go:131.49,133.3 1 0
github.com/nullcroft/helmseed/internal/cache/cache.go:134.2,134.15 1 1
github.com/nullcroft/helmseed/internal/cache/cache.go:137.42,139.16 2 1
github.com/nullcroft/helmseed/internal/cache/cache.go:139.16,141.3 1 0
github.com/nullcroft/helmseed/internal/cache/cache.go:142.2,142.67 1 1
github.com/nullcroft/helmseed/internal/cache/cache.go:145.55,147.16 2 1
github.com/nullcroft/helmseed/internal/cache/cache.go:147.16,149.3 1 1
github.com/nullcroft/helmseed/internal/cache/cache.go:150.2,150.37 1 1
github.com/nullcroft/helmseed/internal/cache/cache.go:155.89,157.16 2 1
github.com/nullcroft/helmseed/internal/cache/cache.go:157.16,159.3 1 0
github.com/nullcroft/helmseed/internal/cache/cache.go:160.2,161.21 2 1
github.com/nullcroft/helmseed/internal/cache/cache.go:161.21,163.3 1 0
github.com/nullcroft/helmseed/internal/cache/cache.go:164.2,164.31 1 1
github.com/nullcroft/helmseed/internal/cache/cache.go:164.31,166.3 1 1
github.com/nullcroft/helmseed/internal/cache/cache.go:167.2,168.37 2 1
github.com/nullcroft/helmseed/internal/cache/cache.go:168.37,170.3 1 1
github.com/nullcroft/helmseed/internal/cache/cache.go:171.2,171.53 1 0
github.com/nullcroft/helmseed/internal/cache/cache.go:174.118,176.26 1 1
github.com/nullcroft/helmseed/internal/cache/cache.go:176.26,177.31 1 1
github.com/nullcroft/helmseed/internal/cache/cache.go:177.31,179.4 1 1
github.com/nullcroft/helmseed/internal/cache/cache.go:184.2,184.23 1 1
github.com/nullcroft/helmseed/internal/cache/cache.go:184.23,186.27 2 1
github.com/nullcroft/helmseed/internal/cache/cache.go:186.27,189.4 2 1
github.com/nullcroft/helmseed/internal/cache/cache.go:190.3,190.19 1 1
github.com/nullcroft/helmseed/internal/cache/cache.go:193.2,193.54 1 1
github.com/nullcroft/helmseed/internal/cache/cache.go:193.54,195.3 1 0
github.com/nullcroft/helmseed/internal/cache/cache.go:196.2,196.79 1 1
github.com/nullcroft/helmseed/internal/cache/cache.go:196.79,198.3 1 0
github.com/nullcroft/helmseed/internal/cache/cache.go:201.2,202.26 2 1
github.com/nullcroft/helmseed/internal/cache/cache.go:202.26,204.34 2 1
github.com/nullcroft/helmseed/internal/cache/cache.go:204.34,206.4 1 1
github.com/nullcroft/helmseed/internal/cache/cache.go:206.9,208.4 1 1
github.com/nullcroft/helmseed/internal/cache/cache.go:212.2,215.27 2 1
github.com/nullcroft/helmseed/internal/cache/cache.go:215.27,217.42 2 1
github.com/nullcroft/helmseed/internal/cache/cache.go:217.42,218.14 1 0
github.com/nullcroft/helmseed/internal/cache/cache.go:218.14,220.5 1 0
github.com/nullcroft/helmseed/internal/cache/cache.go:221.4,221.12 1 0
github.com/nullcroft/helmseed/internal/cache/cache.go:223.3,224.44 2 1
github.com/nullcroft/helmseed/internal/cache/cache.go:224.44,226.4 1 0
github.com/nullcroft/helmseed/internal/cache/cache.go:227.3,227.13 1 1
github.com/nullcroft/helmseed/internal/cache/cache.go:227.13,229.4 1 1
github.com/nullcroft/helmseed/internal/cache/cache.go:233.2,233.20 1 1
github.com/nullcroft/helmseed/internal/cache/cache.go:233.20,234.59 1 1
github.com/nullcroft/helmseed/internal/cache/cache.go:234.59,236.4 1 0
github.com/nullcroft/helmseed/internal/cache/cache.go:237.3,237.27 1 1
github.com/nullcroft/helmseed/internal/cache/cache.go:237.27,239.43 2 1
github.com/nullcroft/helmseed/internal/cache/cache.go:239.43,240.15 1 1
github.com/nullcroft/helmseed/internal/cache/cache.go:240.15,242.6 1 1
github.com/nullcroft/helmseed/internal/cache/cache.go:243.5,244.13 2 1
github.com/nullcroft/helmseed/internal/cache/cache.go:246.4,247.45 2 1
github.com/nullcroft/helmseed/internal/cache/cache.go:247.45,249.5 1 0
github.com/nullcroft/helmseed/internal/cache/cache.go:253.2,253.33 1 1
github.com/nullcroft/helmseed/internal/cache/cache.go:253.33,256.3 1 1
github.com/nullcroft/helmseed/internal/cache/cache.go:258.2,258.95 1 1
github.com/nullcroft/helmseed/internal/cache/cache.go:261.80,272.26 4 1
github.com/nullcroft/helmseed/internal/cache/cache.go:272.26,278.45 4 1
github.com/nullcroft/helmseed/internal/cache/cache.go:278.45,280.17 2 1
github.com/nullcroft/helmseed/internal/cache/cache.go:280.17,280.26 1 1
github.com/nullcroft/helmseed/internal/cache/cache.go:282.4,284.63 2 1
github.com/nullcroft/helmseed/internal/cache/cache.go:284.63,296.19 5 1
github.com/nullcroft/helmseed/internal/cache/cache.go:296.19,298.6 1 0
github.com/nullcroft/helmseed/internal/cache/cache.go:300.5,301.19 2 1
github.com/nullcroft/helmseed/internal/cache/cache.go:301.19,303.6 1 0
github.com/nullcroft/helmseed/internal/cache/cache.go:304.5,306.73 2 1
github.com/nullcroft/helmseed/internal/cache/cache.go:306.73,308.6 1 0
github.com/nullcroft/helmseed/internal/cache/cache.go:310.5,317.34 2 1
github.com/nullcroft/helmseed/internal/cache/cache.go:320.4,320.23 1 1
github.com/nullcroft/helmseed/internal/cache/cache.go:320.23,325.5 4 0
github.com/nullcroft/helmseed/internal/cache/cache.go:325.10,327.5 1 1
github.com/nullcroft/helmseed/internal/cache/cache.go:331.2,333.29 3 1
github.com/nullcroft/helmseed/internal/cache/cache.go:336.42,338.16 2 1
github.com/nullcroft/helmseed/internal/cache/cache.go:338.16,340.3 1 1
github.com/nullcroft/helmseed/internal/cache/cache.go:341.2,342.70 2 1
github.com/nullcroft/helmseed/internal/cache/cache.go:342.70,344.3 1 1
github.com/nullcroft/helmseed/internal/cache/cache.go:345.2,345.19 1 1
github.com/nullcroft/helmseed/internal/cache/cache.go:348.55,351.56 3 1
github.com/nullcroft/helmseed/internal/cache/cache.go:351.56,353.3 1 1
github.com/nullcroft/helmseed/internal/cache/cache.go:355.2,356.27 2 1
github.com/nullcroft/helmseed/internal/cache/cache.go:356.27,358.3 1 1
github.com/nullcroft/helmseed/internal/cache/cache.go:359.2,359.45 1 1
github.com/nullcroft/helmseed/internal/cache/cache.go:362.126,369.16 3 1
github.com/nullcroft/helmseed/internal/cache/cache.go:369.16,371.3 1 1
github.com/nullcroft/helmseed/internal/cache/cache.go:372.2,373.16 2 1
github.com/nullcroft/helmseed/internal/cache/cache.go:373.16,375.3 1 1
github.com/nullcroft/helmseed/internal/cache/cache.go:377.2,377.26 1 1
github.com/nullcroft/helmseed/internal/cache/cache.go:377.26,381.23 3 1
github.com/nullcroft/helmseed/internal/cache/cache.go:381.23,383.4 1 1
github.com/nullcroft/helmseed/internal/cache/cache.go:385.3,394.5 2 1
github.com/nullcroft/helmseed/internal/cache/cache.go:397.2,406.16 3 1
github.com/nullcroft/helmseed/internal/cache/cache.go:406.16,408.3 1 0
github.com/nullcroft/helmseed/internal/cache/cache.go:409.2,410.66 2 1
github.com/nullcroft/helmseed/internal/cache/cache.go:410.66,412.3 1 0
github.com/nullcroft/helmseed/internal/cache/cache.go:413.2,419.16 3 1
github.com/nullcroft/helmseed/internal/cache/cache.go:419.16,421.3 1 0
github.com/nullcroft/helmseed/internal/cache/cache.go:422.2,423.64 2 1
github.com/nullcroft/helmseed/internal/cache/cache.go:423.64,425.3 1 0
github.com/nullcroft/helmseed/internal/cache/cache.go:426.2,426.12 1 1
github.com/nullcroft/helmseed/internal/cache/cache.go:431.63,433.16 2 1
github.com/nullcroft/helmseed/internal/cache/cache.go:433.16,435.3 1 0
github.com/nullcroft/helmseed/internal/cache/cache.go:436.2,437.21 2 1
github.com/nullcroft/helmseed/internal/cache/cache.go:437.21,439.3 1 0
github.com/nullcroft/helmseed/internal/cache/cache.go:440.2,440.55 1 1
github.com/nullcroft/helmseed/internal/cache/cache.go:443.99,445.16 2 1
github.com/nullcroft/helmseed/internal/cache/cache.go:445.16,447.3 1 1
github.com/nullcroft/helmseed/internal/cache/cache.go:448.2,448.33 1 1
github.com/nullcroft/helmseed/internal/cache/cache.go:448.33,450.3 1 1
github.com/nullcroft/helmseed/internal/cache/cache.go:452.2,455.40 3 0
github.com/nullcroft/helmseed/internal/cache/cache.go:455.40,458.17 3 0
github.com/nullcroft/helmseed/internal/cache/cache.go:458.17,460.4 1 0
github.com/nullcroft/helmseed/internal/cache/cache.go:461.3,466.5 1 0
github.com/nullcroft/helmseed/internal/cache/cache.go:470.2,471.26 2 0
github.com/nullcroft/helmseed/internal/cache/cache.go:471.26,473.34 2 0
github.com/nullcroft/helmseed/internal/cache/cache.go:473.34,475.4 1 0
github.com/nullcroft/helmseed/internal/cache/cache.go:475.9,477.4 1 0
github.com/nullcroft/helmseed/internal/cache/cache.go:481.2,481.27 1 0
github.com/nullcroft/helmseed/internal/cache/cache.go:481.27,485.44 4 0
github.com/nullcroft/helmseed/internal/cache/cache.go:485.44,487.4 1 0
github.com/nullcroft/helmseed/internal/cache/cache.go:488.3,488.13 1 0
github.com/nullcroft/helmseed/internal/cache/cache.go:488.13,490.4 1 0
github.com/nullcroft/helmseed/internal/cache/cache.go:494.2,494.20 1 0
github.com/nullcroft/helmseed/internal/cache/cache.go:494.20,495.54 1 0
github.com/nullcroft/helmseed/internal/cache/cache.go:495.54,497.4 1 0
github.com/nullcroft/helmseed/internal/cache/cache.go:498.3,498.27 1 0
github.com/nullcroft/helmseed/internal/cache/cache.go:498.27,502.45 4 0
github.com/nullcroft/helmseed/internal/cache/cache.go:502.45,504.5 1 0
github.com/nullcroft/helmseed/internal/cache/cache.go:508.2,508.61 1 0
github.com/nullcroft/helmseed/internal/cache/cache.go:511.49,512.40 1 1
github.com/nullcroft/helmseed/internal/cache/cache.go:512.40,513.51 1 1
github.com/nullcroft/helmseed/internal/cache/cache.go:513.51,515.4 1 1
github.com/nullcroft/helmseed/internal/cache/cache.go:517.2,517.18 1 1
github.com/nullcroft/helmseed/internal/cache/cache.go:520.57,523.16 3 1
github.com/nullcroft/helmseed/internal/cache/cache.go:523.16,525.3 1 1
github.com/nullcroft/helmseed/internal/cache/cache.go:526.2,527.52 2 1
github.com/nullcroft/helmseed/internal/cache/cache.go:527.52,529.3 1 1
github.com/nullcroft/helmseed/internal/cache/cache.go:530.2,530.19 1 1
github.com/nullcroft/helmseed/internal/cache/cache.go:533.37,534.81 1 1
github.com/nullcroft/helmseed/internal/cache/cache.go:534.81,535.17 1 1
github.com/nullcroft/helmseed/internal/cache/cache.go:535.17,537.4 1 0
github.com/nullcroft/helmseed/internal/cache/cache.go:539.3,540.17 2 1
github.com/nullcroft/helmseed/internal/cache/cache.go:540.17,542.4 1 0
github.com/nullcroft/helmseed/internal/cache/cache.go:544.3,544.25 1 1
github.com/nullcroft/helmseed/internal/cache/cache.go:544.25,546.4 1 1
github.com/nullcroft/helmseed/internal/cache/cache.go:548.3,550.16 2 1
github.com/nullcroft/helmseed/internal/cache/cache.go:550.16,552.4 1 1
github.com/nullcroft/helmseed/internal/cache/cache.go:554.3,555.17 2 1
github.com/nullcroft/helmseed/internal/cache/cache.go:555.17,557.4 1 0
github.com/nullcroft/helmseed/internal/cache/cache.go:559.3,560.17 2 1
github.com/nullcroft/helmseed/internal/cache/cache.go:560.17,562.4 1 0
github.com/nullcroft/helmseed/internal/cache/cache.go:564.3,564.49 1 1
github.com/nullcroft/helmseed/internal/cache/progress.go:21.23,21.36 1 1
github.com/nullcroft/helmseed/internal/cache/progress.go:31.53,32.15 1 1
github.com/nullcroft/helmseed/internal/cache/progress.go:32.15,34.3 1 1
github.com/nullcroft/helmseed/internal/cache/progress.go:35.2,45.3 2 1
github.com/nullcroft/helmseed/internal/cache/progress.go:48.28,49.11 1 1
github.com/nullcroft/helmseed/internal/cache/progress.go:49.11,51.3 1 1
github.com/nullcroft/helmseed/internal/cache/progress.go:52.2,56.15 5 1
github.com/nullcroft/helmseed/internal/cache/progress.go:59.26,61.11 2 1
github.com/nullcroft/helmseed/internal/cache/progress.go:61.11,63.3 1 1
github.com/nullcroft/helmseed/internal/cache/progress.go:64.2,65.19 2 1
github.com/nullcroft/helmseed/internal/cache/progress.go:65.19,67.3 1 0
github.com/nullcroft/helmseed/internal/cache/progress.go:68.2,72.15 5 1
github.com/nullcroft/helmseed/internal/cache/progress.go:75.29,76.11 1 1
github.com/nullcroft/helmseed/internal/cache/progress.go:76.11,78.3 1 1
github.com/nullcroft/helmseed/internal/cache/progress.go:79.2,79.15 1 1
github.com/nullcroft/helmseed/internal/cache/retry.go:11.61,17.53 4 1
github.com/nullcroft/helmseed/internal/cache/retry.go:17.53,19.17 2 1
github.com/nullcroft/helmseed/internal/cache/retry.go:19.17,21.4 1 1
github.com/nullcroft/helmseed/internal/cache/retry.go:23.3,25.28 2 1
github.com/nullcroft/helmseed/internal/cache/retry.go:25.28,26.9 1 1
github.com/nullcroft/helmseed/internal/cache/retry.go:29.3,29.10 1 1
github.com/nullcroft/helmseed/internal/cache/retry.go:30.21,31.20 1 1
github.com/nullcroft/helmseed/internal/cache/retry.go:32.28,32.28 0 1
github.com/nullcroft/helmseed/internal/cache/retry.go:35.3,36.29 2 1
github.com/nullcroft/helmseed/internal/cache/retry.go:36.29,38.4 1 0
github.com/nullcroft/helmseed/internal/cache/retry.go:41.2,41.64 1 1
